2025-05-03 17:55:30,331 - furia_bot - INFO - Bot iniciado e em execução
2025-05-03 17:55:31,107 - furia_bot - ERROR - Erro ao iniciar o bot: post_init() takes 0 positional arguments but 1 was given
2025-05-03 17:55:42,315 - furia_bot - INFO - Bot iniciado e em execução
2025-05-03 17:55:43,048 - furia_bot - ERROR - Erro ao iniciar o bot: post_init() takes 0 positional arguments but 1 was given
2025-05-03 18:00:21,560 - furia_bot - INFO - Bot started and running
2025-05-03 18:00:22,308 - furia_bot - ERROR - Error starting bot: post_init() takes 0 positional arguments but 1 was given
2025-05-03 18:02:54,516 - furia_bot - INFO - Bot iniciado e em execução
2025-05-03 18:02:55,284 - furia_bot - INFO - Bot inicializado com sucesso
2025-05-03 20:12:18,658 - furia_bot - INFO - Starting bot in polling mode
2025-05-03 20:12:19,399 - furia_bot - INFO - Bot initialized successfully
2025-05-03 20:12:27,319 - furia_bot - INFO - Start command executed by {update.effective_user.id}
2025-05-03 20:12:39,730 - furia_bot - INFO - Stream links sent to {update.effective_user.id}
2025-05-03 20:13:34,460 - furia_bot - INFO - Help sent to {update.effective_user.id}
2025-05-03 20:13:53,452 - furia_bot - WARNING - Unknown command from {update.effective_user.id}: {update.message.text}
2025-05-03 20:14:42,581 - furia_bot - INFO - Starting bot in polling mode
2025-05-03 20:14:43,308 - furia_bot - INFO - Bot initialized successfully
2025-05-03 20:14:51,914 - furia_bot - INFO - Help sent to {update.effective_user.id}
2025-05-03 20:14:55,246 - furia_bot - WARNING - Unknown command from {update.effective_user.id}: {update.message.text}
2025-05-03 20:15:03,507 - furia_bot - INFO - Achievements sent to {update.effective_user.id}
2025-05-03 20:15:08,826 - furia_bot - INFO - Matches sent to {update.effective_user.id}
2025-05-03 20:15:19,932 - furia_bot - INFO - Stats sent for {player_name} to {update.effective_user.id}
2025-05-03 20:15:27,675 - furia_bot - INFO - Stats sent for {player_name} to {update.effective_user.id}
2025-05-03 20:15:56,233 - furia_bot - INFO - Stats sent for {player_name} to {update.effective_user.id}
2025-05-03 20:16:12,503 - furia_bot - INFO - Stats sent for {player_name} to {update.effective_user.id}
2025-05-03 20:16:27,236 - furia_bot - INFO - Org stats sent to {update.effective_user.id}
2025-05-03 20:16:48,952 - furia_bot - ERROR - Error in molodoy handler: Failed to get http url content
2025-05-03 20:17:11,936 - furia_bot - ERROR - Error in yekindar handler: Failed to get http url content
2025-05-03 20:17:30,069 - furia_bot - INFO - Social media links sent to {update.effective_user.id}
2025-05-03 20:17:52,227 - furia_bot - INFO - Stream links sent to {update.effective_user.id}
2025-05-03 20:25:41,287 - furia_bot - INFO - Starting bot in polling mode
2025-05-03 20:25:42,040 - furia_bot - INFO - Bot initialized successfully
2025-05-03 20:25:47,953 - furia_bot - INFO - Molodoy info sent to {update.effective_user.id}
2025-05-03 21:46:27,864 - furia_bot - INFO - Starting bot in polling mode
2025-05-03 21:46:28,611 - furia_bot - INFO - Bot initialized successfully
2025-05-03 21:46:39,135 - furia_bot - INFO - Stats sent for {player_name} to {update.effective_user.id}
2025-05-03 21:46:49,965 - furia_bot - INFO - Molodoy info sent to {update.effective_user.id}
2025-05-03 21:47:04,675 - furia_bot - INFO - Yekindar info sent to {update.effective_user.id}
2025-05-03 21:48:38,832 - furia_bot - INFO - Starting bot in polling mode
2025-05-03 21:48:39,567 - furia_bot - INFO - Bot initialized successfully
2025-05-03 21:48:52,722 - furia_bot - INFO - Molodoy info sent to {update.effective_user.id}
2025-05-03 21:49:04,671 - furia_bot - INFO - Yekindar info sent to {update.effective_user.id}
2025-05-03 21:49:23,906 - furia_bot - INFO - Stats sent for {player_name} to {update.effective_user.id}
2025-05-03 21:49:29,227 - furia_bot - INFO - Stats sent for {player_name} to {update.effective_user.id}
2025-05-03 21:49:45,448 - furia_bot - INFO - Stats sent for {player_name} to {update.effective_user.id}
2025-05-03 21:49:59,934 - furia_bot - INFO - Stats sent for {player_name} to {update.effective_user.id}
2025-05-03 21:50:10,669 - furia_bot - INFO - Stats sent for {player_name} to {update.effective_user.id}
2025-05-03 21:52:59,581 - furia_bot - INFO - Starting bot in polling mode
2025-05-03 21:53:01,401 - furia_bot - INFO - Bot initialized successfully
2025-05-03 21:53:11,934 - furia_bot - INFO - Stats sent for {player_name} to {update.effective_user.id}
2025-05-03 21:53:21,986 - furia_bot - INFO - Start command executed by {update.effective_user.id}
2025-05-03 21:53:26,489 - furia_bot - INFO - Stats sent for {player_name} to {update.effective_user.id}
2025-05-03 21:55:07,759 - furia_bot - INFO - Starting bot in polling mode
2025-05-03 21:55:08,494 - furia_bot - INFO - Bot initialized successfully
2025-05-03 21:55:13,453 - furia_bot - INFO - Stats sent for yuurih to 6575272762
2025-05-03 22:00:11,515 - furia_bot - INFO - Starting bot in polling mode
2025-05-03 22:00:12,253 - furia_bot - INFO - Bot initialized successfully
2025-05-03 22:03:46,161 - furia_bot - INFO - Stats sent for yuurih to 6575272762
2025-05-03 22:05:46,018 - furia_bot - INFO - Starting bot in polling mode
2025-05-03 22:05:46,766 - furia_bot - INFO - Bot initialized successfully
2025-05-03 22:06:00,656 - furia_bot - INFO - Starting bot in polling mode
2025-05-03 22:06:01,396 - furia_bot - INFO - Bot initialized successfully
2025-05-03 22:06:09,839 - furia_bot - INFO - Starting bot in polling mode
2025-05-03 22:06:10,594 - furia_bot - INFO - Bot initialized successfully
2025-05-03 22:06:14,769 - furia_bot - INFO - Stats sent for yuurih to 6575272762
2025-05-03 22:14:55,422 - furia_bot - INFO - Starting bot in polling mode
2025-05-03 22:14:56,186 - furia_bot - INFO - Bot initialized successfully
2025-05-03 22:14:59,390 - furia_bot - INFO - Start command executed by 6575272762
2025-05-03 22:15:05,732 - furia_bot - INFO - Molodoy info sent to 6575272762
2025-05-03 22:15:14,471 - furia_bot - INFO - Yekindar info sent to 6575272762
2025-05-03 22:15:38,136 - furia_bot - WARNING - Unknown command from 6575272762: /proximosjogos
2025-05-03 22:15:56,722 - furia_bot - INFO - Starting bot in polling mode
2025-05-03 22:15:57,479 - furia_bot - INFO - Bot initialized successfully
2025-05-03 22:16:01,989 - furia_bot - INFO - Matches sent to 6575272762
2025-05-03 22:16:14,107 - furia_bot - INFO - Stream links sent to 6575272762
2025-05-03 22:16:33,841 - furia_bot - INFO - Social media links sent to 6575272762
2025-05-03 22:16:51,724 - furia_bot - INFO - Help sent to 6575272762
2025-05-03 22:17:15,909 - furia_bot - INFO - Achievements sent to 6575272762
2025-05-03 22:17:26,368 - furia_bot - INFO - Org stats sent to 6575272762
